{"C:\\Users\\Nilanjan-PC\\Desktop\\CRM_App\\1. Revision on Asynchronous Programming(30th Nov 2022)\\Building_CRM_App\\configs\\auth.config.js": {"path":"C:\\Users\\Nilanjan-PC\\Desktop\\CRM_App\\1. Revision on Asynchronous Programming(30th Nov 2022)\\Building_CRM_App\\configs\\auth.config.js","statementMap":{"0":{"start":{"line":2,"column":0},"end":{"line":4,"column":1}}},"fnMap":{},"branchMap":{},"s":{"0":1},"f":{},"b":{},"_coverageSchema":"1a1c01bbd47fc00a2c39e90264f33305004495a9","hash":"bd0ebe513243fdf69135694019138509069c0166"}
,"C:\\Users\\Nilanjan-PC\\Desktop\\CRM_App\\1. Revision on Asynchronous Programming(30th Nov 2022)\\Building_CRM_App\\controllers\\auth.controller.js": {"path":"C:\\Users\\Nilanjan-PC\\Desktop\\CRM_App\\1. Revision on Asynchronous Programming(30th Nov 2022)\\Building_CRM_App\\controllers\\auth.controller.js","statementMap":{"0":{"start":{"line":1,"column":13},"end":{"line":1,"column":44}},"1":{"start":{"line":2,"column":18},"end":{"line":2,"column":47}},"2":{"start":{"line":3,"column":15},"end":{"line":3,"column":34}},"3":{"start":{"line":4,"column":12},"end":{"line":4,"column":35}},"4":{"start":{"line":5,"column":15},"end":{"line":5,"column":48}},"5":{"start":{"line":7,"column":0},"end":{"line":49,"column":1}},"6":{"start":{"line":10,"column":15},"end":{"line":10,"column":62}},"7":{"start":{"line":11,"column":4},"end":{"line":16,"column":5}},"8":{"start":{"line":12,"column":8},"end":{"line":12,"column":60}},"9":{"start":{"line":13,"column":8},"end":{"line":15,"column":10}},"10":{"start":{"line":18,"column":4},"end":{"line":23,"column":5}},"11":{"start":{"line":20,"column":12},"end":{"line":20,"column":53}},"12":{"start":{"line":22,"column":12},"end":{"line":22,"column":54}},"13":{"start":{"line":24,"column":20},"end":{"line":31,"column":5}},"14":{"start":{"line":33,"column":4},"end":{"line":48,"column":5}},"15":{"start":{"line":34,"column":28},"end":{"line":34,"column":54}},"16":{"start":{"line":35,"column":29},"end":{"line":41,"column":9}},"17":{"start":{"line":42,"column":8},"end":{"line":42,"column":42}},"18":{"start":{"line":44,"column":8},"end":{"line":44,"column":75}},"19":{"start":{"line":45,"column":8},"end":{"line":47,"column":10}},"20":{"start":{"line":51,"column":0},"end":{"line":96,"column":1}},"21":{"start":{"line":52,"column":17},"end":{"line":52,"column":65}},"22":{"start":{"line":53,"column":4},"end":{"line":53,"column":44}},"23":{"start":{"line":55,"column":4},"end":{"line":60,"column":5}},"24":{"start":{"line":56,"column":8},"end":{"line":58,"column":10}},"25":{"start":{"line":59,"column":8},"end":{"line":59,"column":14}},"26":{"start":{"line":62,"column":4},"end":{"line":67,"column":5}},"27":{"start":{"line":63,"column":8},"end":{"line":65,"column":10}},"28":{"start":{"line":66,"column":8},"end":{"line":66,"column":14}},"29":{"start":{"line":69,"column":26},"end":{"line":72,"column":5}},"30":{"start":{"line":74,"column":4},"end":{"line":79,"column":5}},"31":{"start":{"line":75,"column":8},"end":{"line":77,"column":10}},"32":{"start":{"line":78,"column":8},"end":{"line":78,"column":14}},"33":{"start":{"line":80,"column":16},"end":{"line":82,"column":6}},"34":{"start":{"line":84,"column":27},"end":{"line":91,"column":5}},"35":{"start":{"line":92,"column":4},"end":{"line":95,"column":6}}},"fnMap":{"0":{"name":"(anonymous_0)","decl":{"start":{"line":7,"column":17},"end":{"line":7,"column":18}},"loc":{"start":{"line":7,"column":37},"end":{"line":49,"column":1}},"line":7},"1":{"name":"(anonymous_1)","decl":{"start":{"line":51,"column":17},"end":{"line":51,"column":18}},"loc":{"start":{"line":51,"column":37},"end":{"line":96,"column":1}},"line":51}},"branchMap":{"0":{"loc":{"start":{"line":11,"column":4},"end":{"line":16,"column":5}},"type":"if","locations":[{"start":{"line":11,"column":4},"end":{"line":16,"column":5}},{"start":{},"end":{}}],"line":11},"1":{"loc":{"start":{"line":18,"column":4},"end":{"line":23,"column":5}},"type":"if","locations":[{"start":{"line":18,"column":4},"end":{"line":23,"column":5}},{"start":{"line":21,"column":11},"end":{"line":23,"column":5}}],"line":18},"2":{"loc":{"start":{"line":18,"column":8},"end":{"line":19,"column":54}},"type":"binary-expr","locations":[{"start":{"line":18,"column":8},"end":{"line":18,"column":57}},{"start":{"line":19,"column":8},"end":{"line":19,"column":54}}],"line":18},"3":{"loc":{"start":{"line":55,"column":4},"end":{"line":60,"column":5}},"type":"if","locations":[{"start":{"line":55,"column":4},"end":{"line":60,"column":5}},{"start":{},"end":{}}],"line":55},"4":{"loc":{"start":{"line":62,"column":4},"end":{"line":67,"column":5}},"type":"if","locations":[{"start":{"line":62,"column":4},"end":{"line":67,"column":5}},{"start":{},"end":{}}],"line":62},"5":{"loc":{"start":{"line":74,"column":4},"end":{"line":79,"column":5}},"type":"if","locations":[{"start":{"line":74,"column":4},"end":{"line":79,"column":5}},{"start":{},"end":{}}],"line":74}},"s":{"0":1,"1":1,"2":1,"3":1,"4":1,"5":1,"6":2,"7":2,"8":0,"9":0,"10":2,"11":1,"12":1,"13":2,"14":2,"15":2,"16":1,"17":1,"18":1,"19":1,"20":1,"21":4,"22":4,"23":4,"24":1,"25":1,"26":3,"27":1,"28":1,"29":2,"30":2,"31":1,"32":1,"33":1,"34":1,"35":1},"f":{"0":2,"1":4},"b":{"0":[0,2],"1":[1,1],"2":[2,1],"3":[1,3],"4":[1,2],"5":[1,1]},"_coverageSchema":"1a1c01bbd47fc00a2c39e90264f33305004495a9","hash":"6b9a93e8e662a68e71f286c11eced0de1265b5a9"}
,"C:\\Users\\Nilanjan-PC\\Desktop\\CRM_App\\1. Revision on Asynchronous Programming(30th Nov 2022)\\Building_CRM_App\\models\\user.model.js": {"path":"C:\\Users\\Nilanjan-PC\\Desktop\\CRM_App\\1. Revision on Asynchronous Programming(30th Nov 2022)\\Building_CRM_App\\models\\user.model.js","statementMap":{"0":{"start":{"line":1,"column":17},"end":{"line":1,"column":36}},"1":{"start":{"line":3,"column":19},"end":{"line":58,"column":2}},"2":{"start":{"line":28,"column":25},"end":{"line":28,"column":35}},"3":{"start":{"line":29,"column":12},"end":{"line":29,"column":35}},"4":{"start":{"line":35,"column":25},"end":{"line":35,"column":35}},"5":{"start":{"line":36,"column":12},"end":{"line":36,"column":35}},"6":{"start":{"line":60,"column":0},"end":{"line":60,"column":51}}},"fnMap":{"0":{"name":"(anonymous_0)","decl":{"start":{"line":27,"column":17},"end":{"line":27,"column":18}},"loc":{"start":{"line":27,"column":23},"end":{"line":30,"column":9}},"line":27},"1":{"name":"(anonymous_1)","decl":{"start":{"line":34,"column":17},"end":{"line":34,"column":18}},"loc":{"start":{"line":34,"column":23},"end":{"line":37,"column":9}},"line":34}},"branchMap":{},"s":{"0":1,"1":1,"2":1,"3":1,"4":1,"5":1,"6":1},"f":{"0":1,"1":1},"b":{},"_coverageSchema":"1a1c01bbd47fc00a2c39e90264f33305004495a9","hash":"4161a5e5c9f0daa259bbab8862a847e802c8af47"}
,"C:\\Users\\Nilanjan-PC\\Desktop\\CRM_App\\1. Revision on Asynchronous Programming(30th Nov 2022)\\Building_CRM_App\\tests\\db.js": {"path":"C:\\Users\\Nilanjan-PC\\Desktop\\CRM_App\\1. Revision on Asynchronous Programming(30th Nov 2022)\\Building_CRM_App\\tests\\db.js","statementMap":{"0":{"start":{"line":1,"column":30},"end":{"line":1,"column":62}},"1":{"start":{"line":2,"column":17},"end":{"line":2,"column":36}},"2":{"start":{"line":3,"column":23},"end":{"line":3,"column":41}},"3":{"start":{"line":7,"column":0},"end":{"line":17,"column":1}},"4":{"start":{"line":8,"column":4},"end":{"line":16,"column":5}},"5":{"start":{"line":9,"column":8},"end":{"line":9,"column":49}},"6":{"start":{"line":10,"column":20},"end":{"line":10,"column":35}},"7":{"start":{"line":11,"column":28},"end":{"line":14,"column":9}},"8":{"start":{"line":15,"column":8},"end":{"line":15,"column":48}},"9":{"start":{"line":19,"column":0},"end":{"line":23,"column":1}},"10":{"start":{"line":20,"column":4},"end":{"line":20,"column":44}},"11":{"start":{"line":21,"column":4},"end":{"line":21,"column":37}},"12":{"start":{"line":22,"column":4},"end":{"line":22,"column":35}},"13":{"start":{"line":22,"column":16},"end":{"line":22,"column":35}},"14":{"start":{"line":25,"column":0},"end":{"line":31,"column":1}},"15":{"start":{"line":26,"column":24},"end":{"line":26,"column":61}},"16":{"start":{"line":27,"column":4},"end":{"line":30,"column":5}},"17":{"start":{"line":28,"column":27},"end":{"line":28,"column":44}},"18":{"start":{"line":29,"column":8},"end":{"line":29,"column":37}}},"fnMap":{"0":{"name":"(anonymous_0)","decl":{"start":{"line":7,"column":18},"end":{"line":7,"column":19}},"loc":{"start":{"line":7,"column":30},"end":{"line":17,"column":1}},"line":7},"1":{"name":"(anonymous_1)","decl":{"start":{"line":19,"column":24},"end":{"line":19,"column":25}},"loc":{"start":{"line":19,"column":36},"end":{"line":23,"column":1}},"line":19},"2":{"name":"(anonymous_2)","decl":{"start":{"line":25,"column":24},"end":{"line":25,"column":25}},"loc":{"start":{"line":25,"column":36},"end":{"line":31,"column":1}},"line":25}},"branchMap":{"0":{"loc":{"start":{"line":8,"column":4},"end":{"line":16,"column":5}},"type":"if","locations":[{"start":{"line":8,"column":4},"end":{"line":16,"column":5}},{"start":{},"end":{}}],"line":8},"1":{"loc":{"start":{"line":22,"column":4},"end":{"line":22,"column":35}},"type":"if","locations":[{"start":{"line":22,"column":4},"end":{"line":22,"column":35}},{"start":{},"end":{}}],"line":22}},"s":{"0":1,"1":1,"2":1,"3":1,"4":1,"5":1,"6":1,"7":1,"8":1,"9":1,"10":1,"11":1,"12":1,"13":1,"14":1,"15":6,"16":6,"17":6,"18":6},"f":{"0":1,"1":1,"2":6},"b":{"0":[1,0],"1":[1,0]},"_coverageSchema":"1a1c01bbd47fc00a2c39e90264f33305004495a9","hash":"1c95a32fd3efa39bef54537294c5497f91f405aa"}
,"C:\\Users\\Nilanjan-PC\\Desktop\\CRM_App\\1. Revision on Asynchronous Programming(30th Nov 2022)\\Building_CRM_App\\tests\\interceptor.js": {"path":"C:\\Users\\Nilanjan-PC\\Desktop\\CRM_App\\1. Revision on Asynchronous Programming(30th Nov 2022)\\Building_CRM_App\\tests\\interceptor.js","statementMap":{"0":{"start":{"line":1,"column":0},"end":{"line":15,"column":1}},"1":{"start":{"line":3,"column":20},"end":{"line":3,"column":22}},"2":{"start":{"line":4,"column":8},"end":{"line":4,"column":49}},"3":{"start":{"line":5,"column":8},"end":{"line":5,"column":51}},"4":{"start":{"line":6,"column":8},"end":{"line":6,"column":18}},"5":{"start":{"line":9,"column":20},"end":{"line":9,"column":22}},"6":{"start":{"line":10,"column":8},"end":{"line":10,"column":49}},"7":{"start":{"line":11,"column":8},"end":{"line":11,"column":51}},"8":{"start":{"line":12,"column":8},"end":{"line":12,"column":49}},"9":{"start":{"line":13,"column":8},"end":{"line":13,"column":18}}},"fnMap":{"0":{"name":"(anonymous_0)","decl":{"start":{"line":2,"column":17},"end":{"line":2,"column":18}},"loc":{"start":{"line":2,"column":23},"end":{"line":7,"column":5}},"line":2},"1":{"name":"(anonymous_1)","decl":{"start":{"line":8,"column":18},"end":{"line":8,"column":19}},"loc":{"start":{"line":8,"column":24},"end":{"line":14,"column":5}},"line":8}},"branchMap":{},"s":{"0":1,"1":6,"2":6,"3":6,"4":6,"5":6,"6":6,"7":6,"8":6,"9":6},"f":{"0":6,"1":6},"b":{},"_coverageSchema":"1a1c01bbd47fc00a2c39e90264f33305004495a9","hash":"25c335502b74aeb1b95e6749c5aba4aee4f79369"}
,"C:\\Users\\Nilanjan-PC\\Desktop\\CRM_App\\1. Revision on Asynchronous Programming(30th Nov 2022)\\Building_CRM_App\\utils\\constants.js": {"path":"C:\\Users\\Nilanjan-PC\\Desktop\\CRM_App\\1. Revision on Asynchronous Programming(30th Nov 2022)\\Building_CRM_App\\utils\\constants.js","statementMap":{"0":{"start":{"line":1,"column":0},"end":{"line":18,"column":1}}},"fnMap":{},"branchMap":{},"s":{"0":1},"f":{},"b":{},"_coverageSchema":"1a1c01bbd47fc00a2c39e90264f33305004495a9","hash":"5bb98c7630532631d9231d2e57390990e61b5557"}
}
