TN:
SF:configs\auth.config.js
FNF:0
FNH:0
DA:2,1
LF:1
LH:1
BRF:0
BRH:0
end_of_record
TN:
SF:controllers\auth.controller.js
FN:7,(anonymous_0)
FN:51,(anonymous_1)
FNF:2
FNH:2
FNDA:2,(anonymous_0)
FNDA:4,(anonymous_1)
DA:1,1
DA:2,1
DA:3,1
DA:4,1
DA:5,1
DA:7,1
DA:10,2
DA:11,2
DA:12,0
DA:13,0
DA:18,2
DA:20,1
DA:22,1
DA:24,2
DA:33,2
DA:34,2
DA:35,1
DA:42,1
DA:44,1
DA:45,1
DA:51,1
DA:52,4
DA:53,4
DA:55,4
DA:56,1
DA:59,1
DA:62,3
DA:63,1
DA:66,1
DA:69,2
DA:74,2
DA:75,1
DA:78,1
DA:80,1
DA:84,1
DA:92,1
LF:36
LH:34
BRDA:11,0,0,0
BRDA:11,0,1,2
BRDA:18,1,0,1
BRDA:18,1,1,1
BRDA:18,2,0,2
BRDA:18,2,1,1
BRDA:55,3,0,1
BRDA:55,3,1,3
BRDA:62,4,0,1
BRDA:62,4,1,2
BRDA:74,5,0,1
BRDA:74,5,1,1
BRF:12
BRH:11
end_of_record
TN:
SF:models\user.model.js
FN:27,(anonymous_0)
FN:34,(anonymous_1)
FNF:2
FNH:2
FNDA:1,(anonymous_0)
FNDA:1,(anonymous_1)
DA:1,1
DA:3,1
DA:28,1
DA:29,1
DA:35,1
DA:36,1
DA:60,1
LF:7
LH:7
BRF:0
BRH:0
end_of_record
TN:
SF:tests\db.js
FN:7,(anonymous_0)
FN:19,(anonymous_1)
FN:25,(anonymous_2)
FNF:3
FNH:3
FNDA:1,(anonymous_0)
FNDA:1,(anonymous_1)
FNDA:6,(anonymous_2)
DA:1,1
DA:2,1
DA:3,1
DA:7,1
DA:8,1
DA:9,1
DA:10,1
DA:11,1
DA:15,1
DA:19,1
DA:20,1
DA:21,1
DA:22,1
DA:25,1
DA:26,6
DA:27,6
DA:28,6
DA:29,6
LF:18
LH:18
BRDA:8,0,0,1
BRDA:8,0,1,0
BRDA:22,1,0,1
BRDA:22,1,1,0
BRF:4
BRH:2
end_of_record
TN:
SF:tests\interceptor.js
FN:2,(anonymous_0)
FN:8,(anonymous_1)
FNF:2
FNH:2
FNDA:6,(anonymous_0)
FNDA:6,(anonymous_1)
DA:1,1
DA:3,6
DA:4,6
DA:5,6
DA:6,6
DA:9,6
DA:10,6
DA:11,6
DA:12,6
DA:13,6
LF:10
LH:10
BRF:0
BRH:0
end_of_record
TN:
SF:utils\constants.js
FNF:0
FNH:0
DA:1,1
LF:1
LH:1
BRF:0
BRH:0
end_of_record
